<?xml version="1.0" encoding="UTF-8"?>
<coverage generated="1730794738504" clover="3.2.0">
  <project timestamp="1730794738504" name="All files">
    <metrics statements="13" coveredstatements="9" conditionals="3" coveredconditionals="2" methods="4" coveredmethods="3" elements="20" coveredelements="14" complexity="0" loc="13" ncloc="13" packages="1" files="2" classes="2"/>
    <file name="LoggerService.ts" path="C:\dev\ts\testing_ts\testing_course\src\app\spies\LoggerService.ts">
      <metrics statements="3" coveredstatements="2" conditionals="0" coveredconditionals="0" methods="2" coveredmethods="1"/>
      <line num="1" count="1" type="stmt"/>
      <line num="3" count="0" type="stmt"/>
      <line num="7" count="1" type="stmt"/>
    </file>
    <file name="UserService.ts" path="C:\dev\ts\testing_ts\testing_course\src\app\spies\UserService.ts">
      <metrics statements="10" coveredstatements="7" conditionals="3" coveredconditionals="2" methods="2" coveredmethods="2"/>
      <line num="3" count="1" type="stmt"/>
      <line num="7" count="1" type="stmt"/>
      <line num="11" count="1" type="stmt"/>
      <line num="13" count="1" type="cond" truecount="1" falsecount="0"/>
      <line num="14" count="0" type="stmt"/>
      <line num="15" count="0" type="stmt"/>
      <line num="18" count="1" type="cond" truecount="1" falsecount="1"/>
      <line num="19" count="1" type="stmt"/>
      <line num="22" count="0" type="stmt"/>
      <line num="24" count="1" type="stmt"/>
    </file>
  </project>
</coverage>
