{"C:\\dev\\ts\\testing_ts\\testing_course\\src\\app\\spies\\LoggerService.ts": {"path":"C:\\dev\\ts\\testing_ts\\testing_course\\src\\app\\spies\\LoggerService.ts","statementMap":{"0":{"start":{"line":3,"column":6},"end":{"line":3,"column":38}},"1":{"start":{"line":7,"column":6},"end":{"line":7,"column":41}},"2":{"start":{"line":1,"column":0},"end":{"line":1,"column":13}}},"fnMap":{"0":{"name":"(anonymous_0)","decl":{"start":{"line":2,"column":4},"end":{"line":2,"column":11}},"loc":{"start":{"line":2,"column":27},"end":{"line":4,"column":5}}},"1":{"name":"(anonymous_1)","decl":{"start":{"line":6,"column":4},"end":{"line":6,"column":12}},"loc":{"start":{"line":6,"column":28},"end":{"line":8,"column":5}}}},"branchMap":{},"s":{"0":0,"1":1,"2":1},"f":{"0":0,"1":1},"b":{}}
,"C:\\dev\\ts\\testing_ts\\testing_course\\src\\app\\spies\\UserService.ts": {"path":"C:\\dev\\ts\\testing_ts\\testing_course\\src\\app\\spies\\UserService.ts","statementMap":{"0":{"start":{"line":7,"column":4},"end":{"line":7,"column":25}},"1":{"start":{"line":11,"column":4},"end":{"line":25,"column":5}},"2":{"start":{"line":13,"column":6},"end":{"line":13,"column":58}},"3":{"start":{"line":13,"column":23},"end":{"line":13,"column":58}},"4":{"start":{"line":14,"column":6},"end":{"line":14,"column":53}},"5":{"start":{"line":15,"column":6},"end":{"line":15,"column":18}},"6":{"start":{"line":18,"column":6},"end":{"line":23,"column":7}},"7":{"start":{"line":19,"column":8},"end":{"line":19,"column":72}},"8":{"start":{"line":22,"column":8},"end":{"line":22,"column":78}},"9":{"start":{"line":24,"column":6},"end":{"line":24,"column":19}},"10":{"start":{"line":3,"column":0},"end":{"line":3,"column":13}}},"fnMap":{"0":{"name":"(anonymous_0)","decl":{"start":{"line":6,"column":2},"end":{"line":6,"column":14}},"loc":{"start":{"line":6,"column":35},"end":{"line":8,"column":3}}},"1":{"name":"(anonymous_1)","decl":{"start":{"line":10,"column":2},"end":{"line":10,"column":12}},"loc":{"start":{"line":10,"column":27},"end":{"line":26,"column":3}}}},"branchMap":{"0":{"loc":{"start":{"line":13,"column":6},"end":{"line":13,"column":58}},"type":"if","locations":[{"start":{"line":13,"column":6},"end":{"line":13,"column":58}}]},"1":{"loc":{"start":{"line":18,"column":6},"end":{"line":23,"column":7}},"type":"if","locations":[{"start":{"line":18,"column":6},"end":{"line":23,"column":7}},{"start":{"line":20,"column":13},"end":{"line":23,"column":7}}]}},"s":{"0":1,"1":1,"2":1,"3":1,"4":0,"5":0,"6":1,"7":1,"8":0,"9":1,"10":1},"f":{"0":1,"1":1},"b":{"0":[1],"1":[1,0]}}
}
